[0m04:12:59.429776 [debug] [MainThread]: Sending event: {'category': 'dbt', 'action': 'invocation', 'label': 'start', 'context': [<snowplow_tracker.self_describing_json.SelfDescribingJson object at 0x72fa8fb1ef50>, <snowplow_tracker.self_describing_json.SelfDescribingJson object at 0x72fa8fb63890>, <snowplow_tracker.self_describing_json.SelfDescribingJson object at 0x72fa8fb7e650>]}


============================== 04:12:59.434256 | 4a9df181-65f0-4ccf-931e-a3be70396751 ==============================
[0m04:12:59.434256 [info ] [MainThread]: Running with dbt=1.11.0-a1
[0m04:12:59.434774 [debug] [MainThread]: running dbt with arguments {'printer_width': '80', 'indirect_selection': 'eager', 'write_json': 'True', 'log_cache_events': 'False', 'partial_parse': 'True', 'cache_selected_only': 'False', 'warn_error': 'None', 'version_check': 'True', 'fail_fast': 'False', 'log_path': 'logs', 'debug': 'False', 'profiles_dir': '/usr/app/.dbt', 'use_colors': 'True', 'use_experimental_parser': 'False', 'no_print': 'None', 'quiet': 'False', 'empty': 'None', 'log_format': 'default', 'invocation_command': 'dbt init', 'introspect': 'True', 'warn_error_options': 'WarnErrorOptionsV2(error=[], warn=[], silence=[])', 'target_path': 'None', 'static_parser': 'True', 'send_anonymous_usage_stats': 'True'}
[0m04:13:16.250261 [debug] [MainThread]: Starter project path: /usr/local/lib/python3.11/site-packages/dbt/include/starter_project
[0m04:13:16.253124 [info ] [MainThread]: 
Your new dbt project "ny_rides_data" was created!

For more information on how to configure the profiles.yml file,
please consult the dbt documentation here:

  https://docs.getdbt.com/docs/configure-your-profile

One more thing:

Need help? Don't hesitate to reach out to us via GitHub issues or on Slack:

  https://community.getdbt.com/

Happy modeling!

[0m04:13:16.253703 [info ] [MainThread]: Setting up your profile.
[0m04:13:17.752647 [debug] [MainThread]: Resource report: {"command_name": "init", "command_success": true, "command_wall_clock_time": 18.361227, "process_in_blocks": "0", "process_kernel_time": 0.091789, "process_mem_max_rss": "98716", "process_out_blocks": "72", "process_user_time": 0.939847}
[0m04:13:17.753481 [debug] [MainThread]: Command `dbt init` succeeded at 04:13:17.753309 after 18.36 seconds
[0m04:13:17.753977 [debug] [MainThread]: Sending event: {'category': 'dbt', 'action': 'invocation', 'label': 'end', 'context': [<snowplow_tracker.self_describing_json.SelfDescribingJson object at 0x72fa92462110>, <snowplow_tracker.self_describing_json.SelfDescribingJson object at 0x72fa93b87450>, <snowplow_tracker.self_describing_json.SelfDescribingJson object at 0x72fa93b98050>]}
[0m04:13:17.754489 [debug] [MainThread]: Flushing usage events
[0m04:13:18.028955 [debug] [MainThread]: An error was encountered while trying to flush usage events
